#
# There is insufficient memory for the Java Runtime Environment to continue.
# Native memory allocation (malloc) failed to allocate 1092816 bytes for Chunk::new
# Possible reasons:
#   The system is out of physical RAM or swap space
#   The process is running with CompressedOops enabled, and the Java Heap may be blocking the growth of the native heap
# Possible solutions:
#   Reduce memory load on the system
#   Increase physical memory or swap space
#   Check if swap backing store is full
#   Decrease Java heap size (-Xmx/-Xms)
#   Decrease number of Java threads
#   Decrease Java thread stack sizes (-Xss)
#   Set larger code cache with -XX:ReservedCodeCacheSize=
#   JVM is running with Unscaled Compressed Oops mode in which the Java heap is
#     placed in the first 4GB address space. The Java Heap base address is the
#     maximum limit for the native heap growth. Please use -XX:HeapBaseMinAddress
#     to set the Java Heap base and to place the Java Heap above 4GB virtual address.
# This output file may be truncated or incomplete.
#
#  Out of Memory Error (arena.cpp:189), pid=9544, tid=12792
#
# JRE version: OpenJDK Runtime Environment Temurin-17.0.7+7 (17.0.7+7) (build 17.0.7+7)
# Java VM: OpenJDK 64-Bit Server VM Temurin-17.0.7+7 (17.0.7+7, mixed mode, tiered, compressed oops, compressed class ptrs, parallel gc, windows-amd64)
# No core dump will be written. Minidumps are not enabled by default on client versions of Windows
#

---------------  S U M M A R Y ------------

Command Line: --add-modules=ALL-SYSTEM --add-opens=java.base/java.util=ALL-UNNAMED --add-opens=java.base/java.lang=ALL-UNNAMED --add-opens=java.base/sun.nio.fs=ALL-UNNAMED -Declipse.application=org.eclipse.jdt.ls.core.id1 -Dosgi.bundles.defaultStartLevel=4 -Declipse.product=org.eclipse.jdt.ls.core.product -Djava.import.generatesMetadataFilesAtProjectRoot=false -Dfile.encoding=utf8 -XX:+UseParallelGC -XX:GCTimeRatio=4 -XX:AdaptiveSizePolicyWeight=90 -Dsun.zip.disableMemoryMapping=true -Xmx1G -Xms100m -Xlog:disable -javaagent:c:\Users\lucca\.vscode\extensions\redhat.java-1.21.0-win32-x64\lombok\lombok-1.18.28.jar -XX:+HeapDumpOnOutOfMemoryError -XX:HeapDumpPath=c:\Users\lucca\AppData\Roaming\Code\User\workspaceStorage\d5f98a7ed63457e4cc8df1f4274a6910\redhat.java -Daether.dependencyCollector.impl=bf c:\Users\lucca\.vscode\extensions\redhat.java-1.21.0-win32-x64\server\plugins\org.eclipse.equinox.launcher_1.6.500.v20230717-2134.jar -configuration c:\Users\lucca\AppData\Roaming\Code\User\globalStorage\redhat.java\1.21.0\config_win -data c:\Users\lucca\AppData\Roaming\Code\User\workspaceStorage\d5f98a7ed63457e4cc8df1f4274a6910\redhat.java\jdt_ws

Host: 11th Gen Intel(R) Core(TM) i5-1135G7 @ 2.40GHz, 8 cores, 7G,  Windows 11 , 64 bit Build 22621 (10.0.22621.2070)
Time: Tue Aug 29 19:18:15 2023 Hora oficial do Brasil elapsed time: 252.389917 seconds (0d 0h 4m 12s)

---------------  T H R E A D  ---------------

Current thread (0x0000020cadae7da0):  JavaThread "C2 CompilerThread0" daemon [_thread_in_native, id=12792, stack(0x0000008ef5000000,0x0000008ef5100000)]


Current CompileTask:
C2: 252390 8730       4       org.eclipse.jdt.internal.compiler.classfmt.ModuleInfo::readModuleAttribute (1166 bytes)

Stack: [0x0000008ef5000000,0x0000008ef5100000]
Native frames: (J=compiled Java code, j=interpreted, Vv=VM code, C=native code)
V  [jvm.dll+0x67754a]
V  [jvm.dll+0x834304]
V  [jvm.dll+0x835aae]
V  [jvm.dll+0x836113]
V  [jvm.dll+0x24696f]
V  [jvm.dll+0xac0ac]
V  [jvm.dll+0xac67c]
V  [jvm.dll+0x364de2]
V  [jvm.dll+0x1bcc02]
V  [jvm.dll+0x219799]
V  [jvm.dll+0x218a61]
V  [jvm.dll+0x1a4d8d]
V  [jvm.dll+0x2284da]
V  [jvm.dll+0x226615]
V  [jvm.dll+0x7ea90b]
V  [jvm.dll+0x7e4e7a]
V  [jvm.dll+0x676395]
C  [ucrtbase.dll+0x29363]
C  [KERNEL32.DLL+0x126ad]
C  [ntdll.dll+0x5aa68]


---------------  P R O C E S S  ---------------

Threads class SMR info:
_java_thread_list=0x0000020cb0d40d40, length=35, elements={
0x0000020c9497e080, 0x0000020ca87efd80, 0x0000020ca87f1940, 0x0000020cadb090c0,
0x0000020cadb09a80, 0x0000020cadb0a630, 0x0000020cadae70c0, 0x0000020cadae7da0,
0x0000020cadb66ce0, 0x0000020cadaf8ba0, 0x0000020cadb87570, 0x0000020caddbfe30,
0x0000020caf028420, 0x0000020caf1271e0, 0x0000020caf24ea60, 0x0000020caeabb940,
0x0000020caed128b0, 0x0000020caf16aad0, 0x0000020caf169c60, 0x0000020caf16a130,
0x0000020caf16a600, 0x0000020caf168df0, 0x0000020caf16b940, 0x0000020caf16be10,
0x0000020caf168450, 0x0000020cb1067570, 0x0000020cb1067a40, 0x0000020cb10623a0,
0x0000020cb1066bd0, 0x0000020cb10670a0, 0x0000020cb1061ed0, 0x0000020cb1062d40,
0x0000020cb1063bb0, 0x0000020cb1061060, 0x0000020cb1064a20
}

Java Threads: ( => current thread )
  0x0000020c9497e080 JavaThread "main" [_thread_blocked, id=14660, stack(0x0000008ef4700000,0x0000008ef4800000)]
  0x0000020ca87efd80 JavaThread "Reference Handler" daemon [_thread_blocked, id=22128, stack(0x0000008ef4a00000,0x0000008ef4b00000)]
  0x0000020ca87f1940 JavaThread "Finalizer" daemon [_thread_blocked, id=16984, stack(0x0000008ef4b00000,0x0000008ef4c00000)]
  0x0000020cadb090c0 JavaThread "Signal Dispatcher" daemon [_thread_blocked, id=22852, stack(0x0000008ef4c00000,0x0000008ef4d00000)]
  0x0000020cadb09a80 JavaThread "Attach Listener" daemon [_thread_blocked, id=11732, stack(0x0000008ef4d00000,0x0000008ef4e00000)]
  0x0000020cadb0a630 JavaThread "Service Thread" daemon [_thread_blocked, id=10888, stack(0x0000008ef4e00000,0x0000008ef4f00000)]
  0x0000020cadae70c0 JavaThread "Monitor Deflation Thread" daemon [_thread_blocked, id=4764, stack(0x0000008ef4f00000,0x0000008ef5000000)]
=>0x0000020cadae7da0 JavaThread "C2 CompilerThread0" daemon [_thread_in_native, id=12792, stack(0x0000008ef5000000,0x0000008ef5100000)]
  0x0000020cadb66ce0 JavaThread "C1 CompilerThread0" daemon [_thread_blocked, id=17520, stack(0x0000008ef5100000,0x0000008ef5200000)]
  0x0000020cadaf8ba0 JavaThread "Sweeper thread" daemon [_thread_blocked, id=16788, stack(0x0000008ef5200000,0x0000008ef5300000)]
  0x0000020cadb87570 JavaThread "Common-Cleaner" daemon [_thread_blocked, id=23512, stack(0x0000008ef5300000,0x0000008ef5400000)]
  0x0000020caddbfe30 JavaThread "Notification Thread" daemon [_thread_blocked, id=4992, stack(0x0000008ef5400000,0x0000008ef5500000)]
  0x0000020caf028420 JavaThread "Active Thread: Equinox Container: e3df74b4-869e-440d-967f-9a4e2807729e" [_thread_blocked, id=12536, stack(0x0000008ef5c00000,0x0000008ef5d00000)]
  0x0000020caf1271e0 JavaThread "Framework Event Dispatcher: Equinox Container: e3df74b4-869e-440d-967f-9a4e2807729e" daemon [_thread_blocked, id=10748, stack(0x0000008ef5d00000,0x0000008ef5e00000)]
  0x0000020caf24ea60 JavaThread "Start Level: Equinox Container: e3df74b4-869e-440d-967f-9a4e2807729e" daemon [_thread_blocked, id=20212, stack(0x0000008ef5e00000,0x0000008ef5f00000)]
  0x0000020caeabb940 JavaThread "SCR Component Actor" daemon [_thread_blocked, id=22900, stack(0x0000008ef5f00000,0x0000008ef6000000)]
  0x0000020caed128b0 JavaThread "Worker-JM" [_thread_blocked, id=2748, stack(0x0000008ef6200000,0x0000008ef6300000)]
  0x0000020caf16aad0 JavaThread "Worker-1" [_thread_blocked, id=18784, stack(0x0000008ef6400000,0x0000008ef6500000)]
  0x0000020caf169c60 JavaThread "Worker-2" [_thread_blocked, id=7736, stack(0x0000008ef6500000,0x0000008ef6600000)]
  0x0000020caf16a130 JavaThread "Worker-3" [_thread_blocked, id=20984, stack(0x0000008ef6600000,0x0000008ef6700000)]
  0x0000020caf16a600 JavaThread "Java indexing" daemon [_thread_blocked, id=22208, stack(0x0000008ef6100000,0x0000008ef6200000)]
  0x0000020caf168df0 JavaThread "JNA Cleaner" daemon [_thread_blocked, id=1252, stack(0x0000008ef6700000,0x0000008ef6800000)]
  0x0000020caf16b940 JavaThread "pool-2-thread-1" [_thread_blocked, id=12660, stack(0x0000008ef6800000,0x0000008ef6900000)]
  0x0000020caf16be10 JavaThread "WorkspaceEventsHandler" [_thread_blocked, id=22412, stack(0x0000008ef6900000,0x0000008ef6a00000)]
  0x0000020caf168450 JavaThread "pool-1-thread-1" [_thread_in_native, id=15888, stack(0x0000008ef6a00000,0x0000008ef6b00000)]
  0x0000020cb1067570 JavaThread "Refresh Thread: Equinox Container: e3df74b4-869e-440d-967f-9a4e2807729e" daemon [_thread_blocked, id=23432, stack(0x0000008ef6c00000,0x0000008ef6d00000)]
  0x0000020cb1067a40 JavaThread "Timer-0" [_thread_blocked, id=5856, stack(0x0000008ef6f00000,0x0000008ef7000000)]
  0x0000020cb10623a0 JavaThread "Worker-4" [_thread_blocked, id=19404, stack(0x0000008ef4500000,0x0000008ef4600000)]
  0x0000020cb1066bd0 JavaThread "Worker-5: Initialize workspace" [_thread_in_Java, id=14768, stack(0x0000008ef4600000,0x0000008ef4700000)]
  0x0000020cb10670a0 JavaThread "Bundle File Closer" daemon [_thread_blocked, id=1792, stack(0x0000008ef6e00000,0x0000008ef6f00000)]
  0x0000020cb1061ed0 JavaThread "ForkJoinPool.commonPool-worker-1" daemon [_thread_blocked, id=15968, stack(0x0000008ef7000000,0x0000008ef7100000)]
  0x0000020cb1062d40 JavaThread "ForkJoinPool.commonPool-worker-2" daemon [_thread_blocked, id=17436, stack(0x0000008ef7100000,0x0000008ef7200000)]
  0x0000020cb1063bb0 JavaThread "ForkJoinPool.commonPool-worker-3" daemon [_thread_blocked, id=14696, stack(0x0000008ef7200000,0x0000008ef7300000)]
  0x0000020cb1061060 JavaThread "ForkJoinPool.commonPool-worker-4" daemon [_thread_blocked, id=7732, stack(0x0000008ef7300000,0x0000008ef7400000)]
  0x0000020cb1064a20 JavaThread "ForkJoinPool.commonPool-worker-5" daemon [_thread_blocked, id=14552, stack(0x0000008ef7400000,0x0000008ef7500000)]

Other Threads:
  0x0000020c94a37bf0 VMThread "VM Thread" [stack: 0x0000008ef4900000,0x0000008ef4a00000] [id=7868]
  0x0000020cadd6ab10 WatcherThread [stack: 0x0000008ef5500000,0x0000008ef5600000] [id=17188]
  0x0000020c94993e00 GCTaskThread "GC Thread#0" [stack: 0x0000008ef4800000,0x0000008ef4900000] [id=10536]
  0x0000020caedccf40 GCTaskThread "GC Thread#1" [stack: 0x0000008ef5600000,0x0000008ef5700000] [id=9600]
  0x0000020caec2cb60 GCTaskThread "GC Thread#2" [stack: 0x0000008ef5700000,0x0000008ef5800000] [id=16184]
  0x0000020caef80060 GCTaskThread "GC Thread#3" [stack: 0x0000008ef5800000,0x0000008ef5900000] [id=13632]
  0x0000020caef84320 GCTaskThread "GC Thread#4" [stack: 0x0000008ef5900000,0x0000008ef5a00000] [id=12204]
  0x0000020caef845d0 GCTaskThread "GC Thread#5" [stack: 0x0000008ef5a00000,0x0000008ef5b00000] [id=22536]
  0x0000020caef84880 GCTaskThread "GC Thread#6" [stack: 0x0000008ef5b00000,0x0000008ef5c00000] [id=4216]
  0x0000020caee37c90 GCTaskThread "GC Thread#7" [stack: 0x0000008ef6000000,0x0000008ef6100000] [id=20904]

Threads with active compile tasks:
C2 CompilerThread0   252425 8730       4       org.eclipse.jdt.internal.compiler.classfmt.ModuleInfo::readModuleAttribute (1166 bytes)

VM state: not at safepoint (normal execution)

VM Mutex/Monitor currently owned by a thread: None

Heap address: 0x00000000c0000000, size: 1024 MB, Compressed Oops mode: 32-bit

CDS archive(s) not mapped
Compressed class space mapped at: 0x0000000100000000-0x0000000140000000, reserved size: 1073741824
Narrow klass base: 0x0000000000000000, Narrow klass shift: 3, Narrow klass range: 0x140000000

GC Precious Log:
 CPUs: 8 total, 8 available
 Memory: 7915M
 Large Page Support: Disabled
 NUMA Support: Disabled
 Compressed Oops: Enabled (32-bit)
 Alignments: Space 512K, Generation 512K, Heap 2M
 Heap Min Capacity: 100M
 Heap Initial Capacity: 100M
 Heap Max Capacity: 1G
 Pre-touch: Disabled
 Parallel Workers: 8

Heap:
 PSYoungGen      total 18944K, used 10778K [0x00000000eab00000, 0x00000000ec180000, 0x0000000100000000)
  eden space 18432K, 55% used [0x00000000eab00000,0x00000000eb506a40,0x00000000ebd00000)
  from space 512K, 100% used [0x00000000ec100000,0x00000000ec180000,0x00000000ec180000)
  to   space 1536K, 0% used [0x00000000ebe80000,0x00000000ebe80000,0x00000000ec000000)
 ParOldGen       total 68608K, used 53367K [0x00000000c0000000, 0x00000000c4300000, 0x00000000eab00000)
  object space 68608K, 77% used [0x00000000c0000000,0x00000000c341ddf0,0x00000000c4300000)
 Metaspace       used 68621K, committed 69696K, reserved 1114112K
  class space    used 7932K, committed 8448K, reserved 1048576K

Card table byte_map: [0x0000020c94350000,0x0000020c94560000] _byte_map_base: 0x0000020c93d50000

Marking Bits: (ParMarkBitMap*) 0x00007ffbb86552c0
 Begin Bits: [0x0000020ca6600000, 0x0000020ca7600000)
 End Bits:   [0x0000020ca7600000, 0x0000020ca8600000)

Polling page: 0x0000020c94140000

Metaspace:

Usage:
  Non-class:     59.27 MB used.
      Class:      7.75 MB used.
       Both:     67.01 MB used.

Virtual space:
  Non-class space:       64.00 MB reserved,      59.81 MB ( 93%) committed,  1 nodes.
      Class space:        1.00 GB reserved,       8.25 MB ( <1%) committed,  1 nodes.
             Both:        1.06 GB reserved,      68.06 MB (  6%) committed. 

Chunk freelists:
   Non-Class:  4.19 MB
       Class:  7.67 MB
        Both:  11.86 MB

MaxMetaspaceSize: unlimited
CompressedClassSpaceSize: 1.00 GB
Initial GC threshold: 21.00 MB
Current GC threshold: 97.31 MB
CDS: off
MetaspaceReclaimPolicy: balanced
 - commit_granule_bytes: 65536.
 - commit_granule_words: 8192.
 - virtual_space_node_default_size: 8388608.
 - enlarge_chunks_in_place: 1.
 - new_chunks_are_fully_committed: 0.
 - uncommit_free_chunks: 1.
 - use_allocation_guard: 0.
 - handle_deallocations: 1.


Internal statistics:

num_allocs_failed_limit: 9.
num_arena_births: 616.
num_arena_deaths: 14.
num_vsnodes_births: 2.
num_vsnodes_deaths: 0.
num_space_committed: 1089.
num_space_uncommitted: 0.
num_chunks_returned_to_freelist: 23.
num_chunks_taken_from_freelist: 3124.
num_chunk_merges: 13.
num_chunk_splits: 1985.
num_chunks_enlarged: 1208.
num_inconsistent_stats: 0.

CodeHeap 'non-profiled nmethods': size=120000Kb used=4765Kb max_used=4936Kb free=115234Kb
 bounds [0x0000020c9f0d0000, 0x0000020c9f5b0000, 0x0000020ca6600000]
CodeHeap 'profiled nmethods': size=120000Kb used=14909Kb max_used=14909Kb free=105090Kb
 bounds [0x0000020c97600000, 0x0000020c984a0000, 0x0000020c9eb30000]
CodeHeap 'non-nmethods': size=5760Kb used=1374Kb max_used=1415Kb free=4385Kb
 bounds [0x0000020c9eb30000, 0x0000020c9eda0000, 0x0000020c9f0d0000]
 total_blobs=8035 nmethods=7332 adapters=615
 compilation: enabled
              stopped_count=0, restarted_count=0
 full_count=0

Compilation events (20 events):
Event: 252.348 Thread 0x0000020cadb66ce0 8889       3       java.lang.invoke.MethodHandles::insertArgumentsChecks (51 bytes)
Event: 252.349 Thread 0x0000020cadb66ce0 nmethod 8889 0x0000020c983db590 code [0x0000020c983db780, 0x0000020c983dbc78]
Event: 252.349 Thread 0x0000020cadb66ce0 8890       3       org.eclipse.jdt.internal.compiler.parser.ScannerHelper::toLowerCase (42 bytes)
Event: 252.350 Thread 0x0000020cadb66ce0 nmethod 8890 0x0000020c98482090 code [0x0000020c98482260, 0x0000020c98482678]
Event: 252.351 Thread 0x0000020cadb66ce0 8891       3       org.eclipse.jdt.internal.compiler.util.Util::isClassFileName (82 bytes)
Event: 252.352 Thread 0x0000020cadb66ce0 nmethod 8891 0x0000020c98482810 code [0x0000020c98482a40, 0x0000020c984833d8]
Event: 252.356 Thread 0x0000020cadb66ce0 8892       3       java.util.TreeMap::navigableKeySet (27 bytes)
Event: 252.356 Thread 0x0000020cadb66ce0 nmethod 8892 0x0000020c98483810 code [0x0000020c984839c0, 0x0000020c98483d18]
Event: 252.357 Thread 0x0000020cadb66ce0 8893   !   3       org.eclipse.core.internal.registry.ConfigurationElement::createExecutableExtension (419 bytes)
Event: 252.368 Thread 0x0000020cadb66ce0 nmethod 8893 0x0000020c98483e90 code [0x0000020c98484540, 0x0000020c98487ab8]
Event: 252.368 Thread 0x0000020cadb66ce0 8896       3       org.eclipse.core.internal.jobs.DeadlockDetector::resizeGraph (93 bytes)
Event: 252.368 Thread 0x0000020cadb66ce0 nmethod 8896 0x0000020c98489090 code [0x0000020c98489260, 0x0000020c98489788]
Event: 252.368 Thread 0x0000020cadb66ce0 8897       3       org.eclipse.jdt.internal.launching.RuntimeClasspathEntry::hashCode (40 bytes)
Event: 252.369 Thread 0x0000020cadb66ce0 nmethod 8897 0x0000020c98489990 code [0x0000020c98489ba0, 0x0000020c9848a218]
Event: 252.369 Thread 0x0000020cadb66ce0 8895       3       org.eclipse.core.internal.jobs.OrderedLock::setCurrentOperationThread (48 bytes)
Event: 252.369 Thread 0x0000020cadb66ce0 nmethod 8895 0x0000020c9848a510 code [0x0000020c9848a6c0, 0x0000020c9848a958]
Event: 252.369 Thread 0x0000020cadb66ce0 8894       3       org.eclipse.core.internal.registry.ExtensionRegistry::createExecutableExtension (11 bytes)
Event: 252.369 Thread 0x0000020cadb66ce0 nmethod 8894 0x0000020c9848aa90 code [0x0000020c9848ac40, 0x0000020c9848ae08]
Event: 252.369 Thread 0x0000020cadb66ce0 8898       3       org.eclipse.core.runtime.Status::interpolateMessage (41 bytes)
Event: 252.370 Thread 0x0000020cadb66ce0 nmethod 8898 0x0000020c9848af10 code [0x0000020c9848b100, 0x0000020c9848b6d8]

GC Heap History (20 events):
Event: 243.125 GC heap before
{Heap before GC invocations=66 (full 3):
 PSYoungGen      total 18944K, used 18624K [0x00000000eab00000, 0x00000000ec180000, 0x0000000100000000)
  eden space 18432K, 100% used [0x00000000eab00000,0x00000000ebd00000,0x00000000ebd00000)
  from space 512K, 37% used [0x00000000ec100000,0x00000000ec130000,0x00000000ec180000)
  to   space 512K, 0% used [0x00000000ec080000,0x00000000ec080000,0x00000000ec100000)
 ParOldGen       total 68608K, used 51507K [0x00000000c0000000, 0x00000000c4300000, 0x00000000eab00000)
  object space 68608K, 75% used [0x00000000c0000000,0x00000000c324cf20,0x00000000c4300000)
 Metaspace       used 64420K, committed 65408K, reserved 1114112K
  class space    used 7531K, committed 8000K, reserved 1048576K
}
Event: 243.126 GC heap after
{Heap after GC invocations=66 (full 3):
 PSYoungGen      total 18944K, used 128K [0x00000000eab00000, 0x00000000ec180000, 0x0000000100000000)
  eden space 18432K, 0% used [0x00000000eab00000,0x00000000eab00000,0x00000000ebd00000)
  from space 512K, 25% used [0x00000000ec080000,0x00000000ec0a0000,0x00000000ec100000)
  to   space 512K, 0% used [0x00000000ec100000,0x00000000ec100000,0x00000000ec180000)
 ParOldGen       total 68608K, used 51539K [0x00000000c0000000, 0x00000000c4300000, 0x00000000eab00000)
  object space 68608K, 75% used [0x00000000c0000000,0x00000000c3254f20,0x00000000c4300000)
 Metaspace       used 64420K, committed 65408K, reserved 1114112K
  class space    used 7531K, committed 8000K, reserved 1048576K
}
Event: 247.442 GC heap before
{Heap before GC invocations=67 (full 3):
 PSYoungGen      total 18944K, used 18560K [0x00000000eab00000, 0x00000000ec180000, 0x0000000100000000)
  eden space 18432K, 100% used [0x00000000eab00000,0x00000000ebd00000,0x00000000ebd00000)
  from space 512K, 25% used [0x00000000ec080000,0x00000000ec0a0000,0x00000000ec100000)
  to   space 512K, 0% used [0x00000000ec100000,0x00000000ec100000,0x00000000ec180000)
 ParOldGen       total 68608K, used 51539K [0x00000000c0000000, 0x00000000c4300000, 0x00000000eab00000)
  object space 68608K, 75% used [0x00000000c0000000,0x00000000c3254f20,0x00000000c4300000)
 Metaspace       used 64542K, committed 65536K, reserved 1114112K
  class space    used 7542K, committed 8000K, reserved 1048576K
}
Event: 247.443 GC heap after
{Heap after GC invocations=67 (full 3):
 PSYoungGen      total 18944K, used 224K [0x00000000eab00000, 0x00000000ec180000, 0x0000000100000000)
  eden space 18432K, 0% used [0x00000000eab00000,0x00000000eab00000,0x00000000ebd00000)
  from space 512K, 43% used [0x00000000ec100000,0x00000000ec138000,0x00000000ec180000)
  to   space 512K, 0% used [0x00000000ec080000,0x00000000ec080000,0x00000000ec100000)
 ParOldGen       total 68608K, used 51539K [0x00000000c0000000, 0x00000000c4300000, 0x00000000eab00000)
  object space 68608K, 75% used [0x00000000c0000000,0x00000000c3254f20,0x00000000c4300000)
 Metaspace       used 64542K, committed 65536K, reserved 1114112K
  class space    used 7542K, committed 8000K, reserved 1048576K
}
Event: 247.686 GC heap before
{Heap before GC invocations=68 (full 3):
 PSYoungGen      total 18944K, used 18656K [0x00000000eab00000, 0x00000000ec180000, 0x0000000100000000)
  eden space 18432K, 100% used [0x00000000eab00000,0x00000000ebd00000,0x00000000ebd00000)
  from space 512K, 43% used [0x00000000ec100000,0x00000000ec138000,0x00000000ec180000)
  to   space 512K, 0% used [0x00000000ec080000,0x00000000ec080000,0x00000000ec100000)
 ParOldGen       total 68608K, used 51539K [0x00000000c0000000, 0x00000000c4300000, 0x00000000eab00000)
  object space 68608K, 75% used [0x00000000c0000000,0x00000000c3254f20,0x00000000c4300000)
 Metaspace       used 64542K, committed 65536K, reserved 1114112K
  class space    used 7542K, committed 8000K, reserved 1048576K
}
Event: 247.688 GC heap after
{Heap after GC invocations=68 (full 3):
 PSYoungGen      total 18944K, used 128K [0x00000000eab00000, 0x00000000ec180000, 0x0000000100000000)
  eden space 18432K, 0% used [0x00000000eab00000,0x00000000eab00000,0x00000000ebd00000)
  from space 512K, 25% used [0x00000000ec080000,0x00000000ec0a0000,0x00000000ec100000)
  to   space 512K, 0% used [0x00000000ec100000,0x00000000ec100000,0x00000000ec180000)
 ParOldGen       total 68608K, used 51652K [0x00000000c0000000, 0x00000000c4300000, 0x00000000eab00000)
  object space 68608K, 75% used [0x00000000c0000000,0x00000000c3271390,0x00000000c4300000)
 Metaspace       used 64542K, committed 65536K, reserved 1114112K
  class space    used 7542K, committed 8000K, reserved 1048576K
}
Event: 247.914 GC heap before
{Heap before GC invocations=69 (full 3):
 PSYoungGen      total 18944K, used 18560K [0x00000000eab00000, 0x00000000ec180000, 0x0000000100000000)
  eden space 18432K, 100% used [0x00000000eab00000,0x00000000ebd00000,0x00000000ebd00000)
  from space 512K, 25% used [0x00000000ec080000,0x00000000ec0a0000,0x00000000ec100000)
  to   space 512K, 0% used [0x00000000ec100000,0x00000000ec100000,0x00000000ec180000)
 ParOldGen       total 68608K, used 51652K [0x00000000c0000000, 0x00000000c4300000, 0x00000000eab00000)
  object space 68608K, 75% used [0x00000000c0000000,0x00000000c3271390,0x00000000c4300000)
 Metaspace       used 64543K, committed 65536K, reserved 1114112K
  class space    used 7543K, committed 8000K, reserved 1048576K
}
Event: 247.915 GC heap after
{Heap after GC invocations=69 (full 3):
 PSYoungGen      total 18944K, used 192K [0x00000000eab00000, 0x00000000ec180000, 0x0000000100000000)
  eden space 18432K, 0% used [0x00000000eab00000,0x00000000eab00000,0x00000000ebd00000)
  from space 512K, 37% used [0x00000000ec100000,0x00000000ec130000,0x00000000ec180000)
  to   space 512K, 0% used [0x00000000ec080000,0x00000000ec080000,0x00000000ec100000)
 ParOldGen       total 68608K, used 51652K [0x00000000c0000000, 0x00000000c4300000, 0x00000000eab00000)
  object space 68608K, 75% used [0x00000000c0000000,0x00000000c3271390,0x00000000c4300000)
 Metaspace       used 64543K, committed 65536K, reserved 1114112K
  class space    used 7543K, committed 8000K, reserved 1048576K
}
Event: 248.040 GC heap before
{Heap before GC invocations=70 (full 3):
 PSYoungGen      total 18944K, used 18624K [0x00000000eab00000, 0x00000000ec180000, 0x0000000100000000)
  eden space 18432K, 100% used [0x00000000eab00000,0x00000000ebd00000,0x00000000ebd00000)
  from space 512K, 37% used [0x00000000ec100000,0x00000000ec130000,0x00000000ec180000)
  to   space 512K, 0% used [0x00000000ec080000,0x00000000ec080000,0x00000000ec100000)
 ParOldGen       total 68608K, used 51652K [0x00000000c0000000, 0x00000000c4300000, 0x00000000eab00000)
  object space 68608K, 75% used [0x00000000c0000000,0x00000000c3271390,0x00000000c4300000)
 Metaspace       used 64543K, committed 65536K, reserved 1114112K
  class space    used 7543K, committed 8000K, reserved 1048576K
}
Event: 248.041 GC heap after
{Heap after GC invocations=70 (full 3):
 PSYoungGen      total 18944K, used 160K [0x00000000eab00000, 0x00000000ec180000, 0x0000000100000000)
  eden space 18432K, 0% used [0x00000000eab00000,0x00000000eab00000,0x00000000ebd00000)
  from space 512K, 31% used [0x00000000ec080000,0x00000000ec0a8000,0x00000000ec100000)
  to   space 512K, 0% used [0x00000000ec100000,0x00000000ec100000,0x00000000ec180000)
 ParOldGen       total 68608K, used 51700K [0x00000000c0000000, 0x00000000c4300000, 0x00000000eab00000)
  object space 68608K, 75% used [0x00000000c0000000,0x00000000c327d390,0x00000000c4300000)
 Metaspace       used 64543K, committed 65536K, reserved 1114112K
  class space    used 7543K, committed 8000K, reserved 1048576K
}
Event: 249.449 GC heap before
{Heap before GC invocations=71 (full 3):
 PSYoungGen      total 18944K, used 18520K [0x00000000eab00000, 0x00000000ec180000, 0x0000000100000000)
  eden space 18432K, 99% used [0x00000000eab00000,0x00000000ebcee3c8,0x00000000ebd00000)
  from space 512K, 31% used [0x00000000ec080000,0x00000000ec0a8000,0x00000000ec100000)
  to   space 512K, 0% used [0x00000000ec100000,0x00000000ec100000,0x00000000ec180000)
 ParOldGen       total 68608K, used 51700K [0x00000000c0000000, 0x00000000c4300000, 0x00000000eab00000)
  object space 68608K, 75% used [0x00000000c0000000,0x00000000c327d390,0x00000000c4300000)
 Metaspace       used 64922K, committed 65920K, reserved 1114112K
  class space    used 7585K, committed 8064K, reserved 1048576K
}
Event: 249.455 GC heap after
{Heap after GC invocations=71 (full 3):
 PSYoungGen      total 18944K, used 352K [0x00000000eab00000, 0x00000000ec180000, 0x0000000100000000)
  eden space 18432K, 0% used [0x00000000eab00000,0x00000000eab00000,0x00000000ebd00000)
  from space 512K, 68% used [0x00000000ec100000,0x00000000ec158000,0x00000000ec180000)
  to   space 512K, 0% used [0x00000000ec080000,0x00000000ec080000,0x00000000ec100000)
 ParOldGen       total 68608K, used 51708K [0x00000000c0000000, 0x00000000c4300000, 0x00000000eab00000)
  object space 68608K, 75% used [0x00000000c0000000,0x00000000c327f390,0x00000000c4300000)
 Metaspace       used 64922K, committed 65920K, reserved 1114112K
  class space    used 7585K, committed 8064K, reserved 1048576K
}
Event: 250.082 GC heap before
{Heap before GC invocations=72 (full 3):
 PSYoungGen      total 18944K, used 18784K [0x00000000eab00000, 0x00000000ec180000, 0x0000000100000000)
  eden space 18432K, 100% used [0x00000000eab00000,0x00000000ebd00000,0x00000000ebd00000)
  from space 512K, 68% used [0x00000000ec100000,0x00000000ec158000,0x00000000ec180000)
  to   space 512K, 0% used [0x00000000ec080000,0x00000000ec080000,0x00000000ec100000)
 ParOldGen       total 68608K, used 51708K [0x00000000c0000000, 0x00000000c4300000, 0x00000000eab00000)
  object space 68608K, 75% used [0x00000000c0000000,0x00000000c327f390,0x00000000c4300000)
 Metaspace       used 65577K, committed 66624K, reserved 1114112K
  class space    used 7645K, committed 8128K, reserved 1048576K
}
Event: 250.087 GC heap after
{Heap after GC invocations=72 (full 3):
 PSYoungGen      total 18944K, used 480K [0x00000000eab00000, 0x00000000ec180000, 0x0000000100000000)
  eden space 18432K, 0% used [0x00000000eab00000,0x00000000eab00000,0x00000000ebd00000)
  from space 512K, 93% used [0x00000000ec080000,0x00000000ec0f8000,0x00000000ec100000)
  to   space 512K, 0% used [0x00000000ec100000,0x00000000ec100000,0x00000000ec180000)
 ParOldGen       total 68608K, used 51991K [0x00000000c0000000, 0x00000000c4300000, 0x00000000eab00000)
  object space 68608K, 75% used [0x00000000c0000000,0x00000000c32c5ec0,0x00000000c4300000)
 Metaspace       used 65577K, committed 66624K, reserved 1114112K
  class space    used 7645K, committed 8128K, reserved 1048576K
}
Event: 250.350 GC heap before
{Heap before GC invocations=73 (full 3):
 PSYoungGen      total 18944K, used 18912K [0x00000000eab00000, 0x00000000ec180000, 0x0000000100000000)
  eden space 18432K, 100% used [0x00000000eab00000,0x00000000ebd00000,0x00000000ebd00000)
  from space 512K, 93% used [0x00000000ec080000,0x00000000ec0f8000,0x00000000ec100000)
  to   space 512K, 0% used [0x00000000ec100000,0x00000000ec100000,0x00000000ec180000)
 ParOldGen       total 68608K, used 51991K [0x00000000c0000000, 0x00000000c4300000, 0x00000000eab00000)
  object space 68608K, 75% used [0x00000000c0000000,0x00000000c32c5ec0,0x00000000c4300000)
 Metaspace       used 65729K, committed 66752K, reserved 1114112K
  class space    used 7653K, committed 8128K, reserved 1048576K
}
Event: 250.352 GC heap after
{Heap after GC invocations=73 (full 3):
 PSYoungGen      total 18944K, used 352K [0x00000000eab00000, 0x00000000ec180000, 0x0000000100000000)
  eden space 18432K, 0% used [0x00000000eab00000,0x00000000eab00000,0x00000000ebd00000)
  from space 512K, 68% used [0x00000000ec100000,0x00000000ec158000,0x00000000ec180000)
  to   space 512K, 0% used [0x00000000ec080000,0x00000000ec080000,0x00000000ec100000)
 ParOldGen       total 68608K, used 52335K [0x00000000c0000000, 0x00000000c4300000, 0x00000000eab00000)
  object space 68608K, 76% used [0x00000000c0000000,0x00000000c331bed0,0x00000000c4300000)
 Metaspace       used 65729K, committed 66752K, reserved 1114112K
  class space    used 7653K, committed 8128K, reserved 1048576K
}
Event: 251.507 GC heap before
{Heap before GC invocations=74 (full 3):
 PSYoungGen      total 18944K, used 18784K [0x00000000eab00000, 0x00000000ec180000, 0x0000000100000000)
  eden space 18432K, 100% used [0x00000000eab00000,0x00000000ebd00000,0x00000000ebd00000)
  from space 512K, 68% used [0x00000000ec100000,0x00000000ec158000,0x00000000ec180000)
  to   space 512K, 0% used [0x00000000ec080000,0x00000000ec080000,0x00000000ec100000)
 ParOldGen       total 68608K, used 52335K [0x00000000c0000000, 0x00000000c4300000, 0x00000000eab00000)
  object space 68608K, 76% used [0x00000000c0000000,0x00000000c331bed0,0x00000000c4300000)
 Metaspace       used 67941K, committed 68992K, reserved 1114112K
  class space    used 7875K, committed 8320K, reserved 1048576K
}
Event: 251.513 GC heap after
{Heap after GC invocations=74 (full 3):
 PSYoungGen      total 18944K, used 504K [0x00000000eab00000, 0x00000000ec180000, 0x0000000100000000)
  eden space 18432K, 0% used [0x00000000eab00000,0x00000000eab00000,0x00000000ebd00000)
  from space 512K, 98% used [0x00000000ec080000,0x00000000ec0fe098,0x00000000ec100000)
  to   space 512K, 0% used [0x00000000ec100000,0x00000000ec100000,0x00000000ec180000)
 ParOldGen       total 68608K, used 52759K [0x00000000c0000000, 0x00000000c4300000, 0x00000000eab00000)
  object space 68608K, 76% used [0x00000000c0000000,0x00000000c3385c68,0x00000000c4300000)
 Metaspace       used 67941K, committed 68992K, reserved 1114112K
  class space    used 7875K, committed 8320K, reserved 1048576K
}
Event: 252.267 GC heap before
{Heap before GC invocations=75 (full 3):
 PSYoungGen      total 18944K, used 18936K [0x00000000eab00000, 0x00000000ec180000, 0x0000000100000000)
  eden space 18432K, 100% used [0x00000000eab00000,0x00000000ebd00000,0x00000000ebd00000)
  from space 512K, 98% used [0x00000000ec080000,0x00000000ec0fe098,0x00000000ec100000)
  to   space 512K, 0% used [0x00000000ec100000,0x00000000ec100000,0x00000000ec180000)
 ParOldGen       total 68608K, used 52759K [0x00000000c0000000, 0x00000000c4300000, 0x00000000eab00000)
  object space 68608K, 76% used [0x00000000c0000000,0x00000000c3385c68,0x00000000c4300000)
 Metaspace       used 68420K, committed 69504K, reserved 1114112K
  class space    used 7908K, committed 8384K, reserved 1048576K
}
Event: 252.272 GC heap after
{Heap after GC invocations=75 (full 3):
 PSYoungGen      total 18944K, used 512K [0x00000000eab00000, 0x00000000ec180000, 0x0000000100000000)
  eden space 18432K, 0% used [0x00000000eab00000,0x00000000eab00000,0x00000000ebd00000)
  from space 512K, 100% used [0x00000000ec100000,0x00000000ec180000,0x00000000ec180000)
  to   space 1536K, 0% used [0x00000000ebe80000,0x00000000ebe80000,0x00000000ec000000)
 ParOldGen       total 68608K, used 53367K [0x00000000c0000000, 0x00000000c4300000, 0x00000000eab00000)
  object space 68608K, 77% used [0x00000000c0000000,0x00000000c341ddf0,0x00000000c4300000)
 Metaspace       used 68420K, committed 69504K, reserved 1114112K
  class space    used 7908K, committed 8384K, reserved 1048576K
}

Dll operation events (14 events):
Event: 0.019 Loaded shared library c:\Users\lucca\.vscode\extensions\redhat.java-1.21.0-win32-x64\jre\17.0.7-win32-x86_64\bin\java.dll
Event: 0.354 Loaded shared library c:\Users\lucca\.vscode\extensions\redhat.java-1.21.0-win32-x64\jre\17.0.7-win32-x86_64\bin\zip.dll
Event: 0.358 Loaded shared library C:\Users\lucca\.vscode\extensions\redhat.java-1.21.0-win32-x64\jre\17.0.7-win32-x86_64\bin\instrument.dll
Event: 0.377 Loaded shared library C:\Users\lucca\.vscode\extensions\redhat.java-1.21.0-win32-x64\jre\17.0.7-win32-x86_64\bin\net.dll
Event: 0.379 Loaded shared library C:\Users\lucca\.vscode\extensions\redhat.java-1.21.0-win32-x64\jre\17.0.7-win32-x86_64\bin\nio.dll
Event: 0.404 Loaded shared library C:\Users\lucca\.vscode\extensions\redhat.java-1.21.0-win32-x64\jre\17.0.7-win32-x86_64\bin\zip.dll
Event: 0.442 Loaded shared library C:\Users\lucca\.vscode\extensions\redhat.java-1.21.0-win32-x64\jre\17.0.7-win32-x86_64\bin\jimage.dll
Event: 0.551 Loaded shared library c:\Users\lucca\.vscode\extensions\redhat.java-1.21.0-win32-x64\jre\17.0.7-win32-x86_64\bin\verify.dll
Event: 13.643 Loaded shared library C:\Users\lucca\AppData\Roaming\Code\User\globalStorage\redhat.java\1.21.0\config_win\org.eclipse.equinox.launcher\org.eclipse.equinox.launcher.win32.win32.x86_64_1.2.700.v20221108-1024\eclipse_11801.dll
Event: 35.018 Loaded shared library C:\Users\lucca\AppData\Local\Temp\jna--2008052293\jna2913852927738981853.dll
Event: 41.051 Loaded shared library C:\Users\lucca\.vscode\extensions\redhat.java-1.21.0-win32-x64\jre\17.0.7-win32-x86_64\bin\sunmscapi.dll
Event: 86.116 Loaded shared library C:\Users\lucca\.gradle\native\68d5fa5c4cc2d200863cafc0d521ce42e7d3e7ee720ec0a83991735586a16f82\windows-amd64\native-platform.dll
Event: 102.364 Loaded shared library C:\Users\lucca\.vscode\extensions\redhat.java-1.21.0-win32-x64\jre\17.0.7-win32-x86_64\bin\management.dll
Event: 102.396 Loaded shared library C:\Users\lucca\.vscode\extensions\redhat.java-1.21.0-win32-x64\jre\17.0.7-win32-x86_64\bin\management_ext.dll

Deoptimization events (20 events):
Event: 252.280 Thread 0x0000020cb1066bd0 DEOPT PACKING pc=0x0000020c9f3b539c sp=0x0000008ef46fea50
Event: 252.281 Thread 0x0000020cb1066bd0 DEOPT UNPACKING pc=0x0000020c9eb89ea3 sp=0x0000008ef46fea58 mode 2
Event: 252.289 Thread 0x0000020cb1066bd0 Uncommon trap: trap_request=0xffffff45 fr.pc=0x0000020c9f4ee4e4 relative=0x00000000000020c4
Event: 252.289 Thread 0x0000020cb1066bd0 Uncommon trap: reason=unstable_if action=reinterpret pc=0x0000020c9f4ee4e4 method=org.eclipse.jdt.internal.compiler.classfmt.ClassFileReader.<init>([B[CZ)V @ 73 c2
Event: 252.289 Thread 0x0000020cb1066bd0 DEOPT PACKING pc=0x0000020c9f4ee4e4 sp=0x0000008ef46fe820
Event: 252.289 Thread 0x0000020cb1066bd0 DEOPT UNPACKING pc=0x0000020c9eb89ea3 sp=0x0000008ef46fe7b0 mode 2
Event: 252.298 Thread 0x0000020cb1066bd0 Uncommon trap: trap_request=0x0000005d fr.pc=0x0000020c9f2d2d28 relative=0x00000000000011a8
Event: 252.298 Thread 0x0000020cb1066bd0 Uncommon trap: reason=unloaded action=reinterpret pc=0x0000020c9f2d2d28 method=java.util.zip.ZipFile.getZipEntry(Ljava/lang/String;I)Ljava/util/zip/ZipEntry; @ 87 c2
Event: 252.298 Thread 0x0000020cb1066bd0 DEOPT PACKING pc=0x0000020c9f2d2d28 sp=0x0000008ef46fe9f0
Event: 252.298 Thread 0x0000020cb1066bd0 DEOPT UNPACKING pc=0x0000020c9eb89ea3 sp=0x0000008ef46fe9e0 mode 2
Event: 252.315 Thread 0x0000020cb1066bd0 Uncommon trap: trap_request=0xffffff45 fr.pc=0x0000020c9f158afc relative=0x000000000000025c
Event: 252.315 Thread 0x0000020cb1066bd0 Uncommon trap: reason=unstable_if action=reinterpret pc=0x0000020c9f158afc method=org.eclipse.jdt.internal.compiler.util.Util.isClassFileName(Ljava/lang/String;)Z @ 20 c2
Event: 252.315 Thread 0x0000020cb1066bd0 DEOPT PACKING pc=0x0000020c9f158afc sp=0x0000008ef46fea70
Event: 252.315 Thread 0x0000020cb1066bd0 DEOPT UNPACKING pc=0x0000020c9eb89ea3 sp=0x0000008ef46fe9f0 mode 2
Event: 252.316 Thread 0x0000020cb1066bd0 Uncommon trap: trap_request=0xffffff45 fr.pc=0x0000020c9f3ad47c relative=0x000000000000237c
Event: 252.316 Thread 0x0000020cb1066bd0 Uncommon trap: reason=unstable_if action=reinterpret pc=0x0000020c9f3ad47c method=org.eclipse.jdt.internal.compiler.classfmt.ClassFileReader.<init>([B[CZ)V @ 509 c2
Event: 252.316 Thread 0x0000020cb1066bd0 DEOPT PACKING pc=0x0000020c9f3ad47c sp=0x0000008ef46fe810
Event: 252.316 Thread 0x0000020cb1066bd0 DEOPT UNPACKING pc=0x0000020c9eb89ea3 sp=0x0000008ef46fe7b0 mode 2
Event: 252.364 Thread 0x0000020cb1066bd0 DEOPT PACKING pc=0x0000020c978b1c5e sp=0x0000008ef46fe790
Event: 252.364 Thread 0x0000020cb1066bd0 DEOPT UNPACKING pc=0x0000020c9eb8a9e3 sp=0x0000008ef46fdd20 mode 0

Classes unloaded (7 events):
Event: 18.086 Thread 0x0000020c94a37bf0 Unloading class 0x0000000100210000 'java/lang/invoke/LambdaForm$MH+0x0000000100210000'
Event: 18.086 Thread 0x0000020c94a37bf0 Unloading class 0x000000010020fc00 'java/lang/invoke/LambdaForm$MH+0x000000010020fc00'
Event: 18.086 Thread 0x0000020c94a37bf0 Unloading class 0x000000010020f800 'java/lang/invoke/LambdaForm$MH+0x000000010020f800'
Event: 18.086 Thread 0x0000020c94a37bf0 Unloading class 0x000000010020f400 'java/lang/invoke/LambdaForm$MH+0x000000010020f400'
Event: 18.086 Thread 0x0000020c94a37bf0 Unloading class 0x000000010020f000 'java/lang/invoke/LambdaForm$BMH+0x000000010020f000'
Event: 18.086 Thread 0x0000020c94a37bf0 Unloading class 0x000000010020ec00 'java/lang/invoke/LambdaForm$DMH+0x000000010020ec00'
Event: 18.086 Thread 0x0000020c94a37bf0 Unloading class 0x000000010020c000 'java/lang/invoke/LambdaForm$DMH+0x000000010020c000'

Classes redefined (0 events):
No events

Internal exceptions (20 events):
Event: 248.101 Thread 0x0000020caf16a130 Exception <a 'sun/nio/fs/WindowsException'{0x00000000eb792718}> (0x00000000eb792718) 
thrown [s\src\hotspot\share\prims\jni.cpp, line 516]
Event: 248.101 Thread 0x0000020caf16a130 Exception <a 'sun/nio/fs/WindowsException'{0x00000000eb79fd18}> (0x00000000eb79fd18) 
thrown [s\src\hotspot\share\prims\jni.cpp, line 516]
Event: 248.102 Thread 0x0000020caf16a130 Exception <a 'sun/nio/fs/WindowsException'{0x00000000eb7ad2e0}> (0x00000000eb7ad2e0) 
thrown [s\src\hotspot\share\prims\jni.cpp, line 516]
Event: 248.105 Thread 0x0000020caf16a130 Exception <a 'sun/nio/fs/WindowsException'{0x00000000eb7ba590}> (0x00000000eb7ba590) 
thrown [s\src\hotspot\share\prims\jni.cpp, line 516]
Event: 248.106 Thread 0x0000020caf16a130 Exception <a 'sun/nio/fs/WindowsException'{0x00000000eb7c7de0}> (0x00000000eb7c7de0) 
thrown [s\src\hotspot\share\prims\jni.cpp, line 516]
Event: 248.107 Thread 0x0000020caf16a130 Exception <a 'sun/nio/fs/WindowsException'{0x00000000eb7d5640}> (0x00000000eb7d5640) 
thrown [s\src\hotspot\share\prims\jni.cpp, line 516]
Event: 248.107 Thread 0x0000020caf16a130 Exception <a 'sun/nio/fs/WindowsException'{0x00000000eb7e3930}> (0x00000000eb7e3930) 
thrown [s\src\hotspot\share\prims\jni.cpp, line 516]
Event: 248.107 Thread 0x0000020caf16a130 Exception <a 'sun/nio/fs/WindowsException'{0x00000000eb7f0be8}> (0x00000000eb7f0be8) 
thrown [s\src\hotspot\share\prims\jni.cpp, line 516]
Event: 248.253 Thread 0x0000020caf16a130 Exception <a 'sun/nio/fs/WindowsException'{0x00000000eb82a568}> (0x00000000eb82a568) 
thrown [s\src\hotspot\share\prims\jni.cpp, line 516]
Event: 248.413 Thread 0x0000020caf16a130 Exception <a 'sun/nio/fs/WindowsException'{0x00000000eb84c3c0}> (0x00000000eb84c3c0) 
thrown [s\src\hotspot\share\prims\jni.cpp, line 516]
Event: 249.095 Thread 0x0000020caf168450 Exception <a 'sun/nio/fs/WindowsException'{0x00000000eba37150}> (0x00000000eba37150) 
thrown [s\src\hotspot\share\prims\jni.cpp, line 516]
Event: 249.162 Thread 0x0000020caf168450 Exception <a 'sun/nio/fs/WindowsException'{0x00000000eba67088}> (0x00000000eba67088) 
thrown [s\src\hotspot\share\prims\jni.cpp, line 516]
Event: 249.382 Thread 0x0000020caf168450 Exception <a 'java/lang/NoSuchMethodError'{0x00000000ebae2538}: 'java.lang.Object java.lang.invoke.DirectMethodHandle$Holder.invokeStatic(java.lang.Object, java.lang.Object, int, java.lang.Object)'> (0x00000000ebae2538) 
thrown [s\src\hotspot\share\interpreter\linkResolver.cpp, line 759]
Event: 249.390 Thread 0x0000020caf168450 Exception <a 'java/lang/NoSuchMethodError'{0x00000000ebb1b680}: 'java.lang.Object java.lang.invoke.DirectMethodHandle$Holder.newInvokeSpecial(java.lang.Object, java.lang.Object, int)'> (0x00000000ebb1b680) 
thrown [s\src\hotspot\share\interpreter\linkResolver.cpp, line 759]
Event: 249.979 Thread 0x0000020cb1061ed0 Exception <a 'java/lang/NoSuchMethodError'{0x00000000eba08c78}: 'java.lang.Object java.lang.invoke.DirectMethodHandle$Holder.newInvokeSpecial(java.lang.Object, java.lang.Object, java.lang.Object, java.lang.Object, java.lang.Object, java.lang.Object)'> (0x00000000eba08c78) 
thrown [s\src\hotspot\share\interpreter\linkResolver.cpp, line 759]
Event: 249.987 Thread 0x0000020cb1061ed0 Exception <a 'java/lang/NoSuchMethodError'{0x00000000eba19408}: 'int java.lang.invoke.DirectMethodHandle$Holder.invokeStatic(java.lang.Object)'> (0x00000000eba19408) 
thrown [s\src\hotspot\share\interpreter\linkResolver.cpp, line 759]
Event: 250.519 Thread 0x0000020cb1061060 Exception <a 'java/lang/NoSuchMethodError'{0x00000000eadd7678}: 'java.lang.Object java.lang.invoke.DirectMethodHandle$Holder.invokeStaticInit(java.lang.Object, java.lang.Object, java.lang.Object)'> (0x00000000eadd7678) 
thrown [s\src\hotspot\share\interpreter\linkResolver.cpp, line 759]
Event: 250.544 Thread 0x0000020cb1064a20 Exception <a 'java/lang/NoSuchMethodError'{0x00000000eae98d58}: 'java.lang.Object java.lang.invoke.DirectMethodHandle$Holder.invokeInterface(java.lang.Object, java.lang.Object, java.lang.Object)'> (0x00000000eae98d58) 
thrown [s\src\hotspot\share\interpreter\linkResolver.cpp, line 759]
Event: 250.544 Thread 0x0000020cb1061060 Exception <a 'java/lang/NoSuchMethodError'{0x00000000eae167c0}: 'java.lang.Object java.lang.invoke.DirectMethodHandle$Holder.invokeInterface(java.lang.Object, java.lang.Object, java.lang.Object)'> (0x00000000eae167c0) 
thrown [s\src\hotspot\share\interpreter\linkResolver.cpp, line 759]
Event: 251.798 Thread 0x0000020cb1066bd0 Exception <a 'java/io/FileNotFoundException'{0x00000000eadc4618}> (0x00000000eadc4618) 
thrown [s\src\hotspot\share\prims\jni.cpp, line 516]

VM Operations (20 events):
Event: 249.431 Executing VM operation: Cleanup
Event: 249.431 Executing VM operation: Cleanup done
Event: 249.433 Executing VM operation: HandshakeAllThreads
Event: 249.446 Executing VM operation: HandshakeAllThreads done
Event: 249.449 Executing VM operation: ParallelGCFailedAllocation
Event: 249.455 Executing VM operation: ParallelGCFailedAllocation done
Event: 250.082 Executing VM operation: ParallelGCFailedAllocation
Event: 250.087 Executing VM operation: ParallelGCFailedAllocation done
Event: 250.350 Executing VM operation: ParallelGCFailedAllocation
Event: 250.352 Executing VM operation: ParallelGCFailedAllocation done
Event: 250.938 Executing VM operation: HandshakeAllThreads
Event: 250.938 Executing VM operation: HandshakeAllThreads done
Event: 251.506 Executing VM operation: ParallelGCFailedAllocation
Event: 251.513 Executing VM operation: ParallelGCFailedAllocation done
Event: 251.865 Executing VM operation: HandshakeAllThreads
Event: 251.865 Executing VM operation: HandshakeAllThreads done
Event: 251.914 Executing VM operation: HandshakeAllThreads
Event: 251.918 Executing VM operation: HandshakeAllThreads done
Event: 252.267 Executing VM operation: ParallelGCFailedAllocation
Event: 252.272 Executing VM operation: ParallelGCFailedAllocation done

Events (20 events):
Event: 249.490 loading class java/util/concurrent/CompletableFuture$Signaller
Event: 249.492 loading class java/util/concurrent/CompletableFuture$Signaller done
Event: 249.549 loading class java/util/Hashtable$KeySet
Event: 249.551 loading class java/util/Hashtable$KeySet done
Event: 250.380 Thread 0x0000020cb1062d40 Thread added: 0x0000020cb1062d40
Event: 250.380 loading class java/util/concurrent/CompletableFuture$UniAccept
Event: 250.405 loading class java/util/concurrent/CompletableFuture$UniAccept done
Event: 250.405 loading class java/util/concurrent/CompletableFuture$UniExceptionally
Event: 250.414 loading class java/util/concurrent/CompletableFuture$UniExceptionally done
Event: 250.430 Thread 0x0000020cb1063bb0 Thread added: 0x0000020cb1063bb0
Event: 250.501 Thread 0x0000020cb1061060 Thread added: 0x0000020cb1061060
Event: 250.508 Thread 0x0000020cb1064a20 Thread added: 0x0000020cb1064a20
Event: 250.597 loading class java/util/regex/PatternSyntaxException
Event: 250.598 loading class java/util/regex/PatternSyntaxException done
Event: 251.843 loading class java/util/stream/DistinctOps
Event: 251.845 loading class java/util/stream/DistinctOps done
Event: 251.845 loading class java/util/stream/DistinctOps$1
Event: 251.846 loading class java/util/stream/DistinctOps$1 done
Event: 251.847 loading class java/util/stream/DistinctOps$1$2
Event: 251.847 loading class java/util/stream/DistinctOps$1$2 done


Dynamic libraries:
0x00007ff6577d0000 - 0x00007ff6577de000 	c:\Users\lucca\.vscode\extensions\redhat.java-1.21.0-win32-x64\jre\17.0.7-win32-x86_64\bin\java.exe
0x00007ffc0efb0000 - 0x00007ffc0f1c4000 	C:\WINDOWS\SYSTEM32\ntdll.dll
0x00007ffc0e070000 - 0x00007ffc0e134000 	C:\WINDOWS\System32\KERNEL32.DLL
0x00007ffc0c6b0000 - 0x00007ffc0ca54000 	C:\WINDOWS\System32\KERNELBASE.dll
0x00007ffc0ca60000 - 0x00007ffc0cb71000 	C:\WINDOWS\System32\ucrtbase.dll
0x00007ffc090b0000 - 0x00007ffc090c7000 	c:\Users\lucca\.vscode\extensions\redhat.java-1.21.0-win32-x64\jre\17.0.7-win32-x86_64\bin\jli.dll
0x00007ffc0de20000 - 0x00007ffc0dfca000 	C:\WINDOWS\System32\USER32.dll
0x00007ffc0c680000 - 0x00007ffc0c6a6000 	C:\WINDOWS\System32\win32u.dll
0x00007ffc0dfd0000 - 0x00007ffc0dff9000 	C:\WINDOWS\System32\GDI32.dll
0x00007ffc0c560000 - 0x00007ffc0c679000 	C:\WINDOWS\System32\gdi32full.dll
0x00007ffc0c450000 - 0x00007ffc0c4ea000 	C:\WINDOWS\System32\msvcp_win.dll
0x00007ffbc6ad0000 - 0x00007ffbc6ae9000 	c:\Users\lucca\.vscode\extensions\redhat.java-1.21.0-win32-x64\jre\17.0.7-win32-x86_64\bin\VCRUNTIME140.dll
0x00007ffbffd40000 - 0x00007ffbfffcf000 	C:\WINDOWS\WinSxS\amd64_microsoft.windows.common-controls_6595b64144ccf1df_6.0.22621.2070_none_2713e6537381f706\COMCTL32.dll
0x00007ffc0db50000 - 0x00007ffc0dbf7000 	C:\WINDOWS\System32\msvcrt.dll
0x00007ffc0ef30000 - 0x00007ffc0ef61000 	C:\WINDOWS\System32\IMM32.DLL
0x00007ffc090a0000 - 0x00007ffc090ac000 	c:\Users\lucca\.vscode\extensions\redhat.java-1.21.0-win32-x64\jre\17.0.7-win32-x86_64\bin\vcruntime140_1.dll
0x00007ffbbf8a0000 - 0x00007ffbbf931000 	c:\Users\lucca\.vscode\extensions\redhat.java-1.21.0-win32-x64\jre\17.0.7-win32-x86_64\bin\msvcp140.dll
0x00007ffbb7ad0000 - 0x00007ffbb8718000 	c:\Users\lucca\.vscode\extensions\redhat.java-1.21.0-win32-x64\jre\17.0.7-win32-x86_64\bin\server\jvm.dll
0x00007ffc0cef0000 - 0x00007ffc0cfa0000 	C:\WINDOWS\System32\ADVAPI32.dll
0x00007ffc0daa0000 - 0x00007ffc0db46000 	C:\WINDOWS\System32\sechost.dll
0x00007ffc0ee00000 - 0x00007ffc0ef17000 	C:\WINDOWS\System32\RPCRT4.dll
0x00007ffbf8210000 - 0x00007ffbf8219000 	C:\WINDOWS\SYSTEM32\WSOCK32.dll
0x00007ffc0e3a0000 - 0x00007ffc0e411000 	C:\WINDOWS\System32\WS2_32.dll
0x00007ffc01690000 - 0x00007ffc016c4000 	C:\WINDOWS\SYSTEM32\WINMM.dll
0x00007ffbfb0d0000 - 0x00007ffbfb0da000 	C:\WINDOWS\SYSTEM32\VERSION.dll
0x00007ffc0b420000 - 0x00007ffc0b438000 	C:\WINDOWS\SYSTEM32\kernel.appcore.dll
0x00007ffbd9900000 - 0x00007ffbd990a000 	c:\Users\lucca\.vscode\extensions\redhat.java-1.21.0-win32-x64\jre\17.0.7-win32-x86_64\bin\jimage.dll
0x00007ffc09a70000 - 0x00007ffc09c9e000 	C:\WINDOWS\SYSTEM32\DBGHELP.DLL
0x00007ffc0cfa0000 - 0x00007ffc0d32a000 	C:\WINDOWS\System32\combase.dll
0x00007ffc0e150000 - 0x00007ffc0e227000 	C:\WINDOWS\System32\OLEAUT32.dll
0x00007ffbfd160000 - 0x00007ffbfd192000 	C:\WINDOWS\SYSTEM32\dbgcore.DLL
0x00007ffc0cb80000 - 0x00007ffc0cbfa000 	C:\WINDOWS\System32\bcryptPrimitives.dll
0x00007ffbd84e0000 - 0x00007ffbd84ee000 	c:\Users\lucca\.vscode\extensions\redhat.java-1.21.0-win32-x64\jre\17.0.7-win32-x86_64\bin\instrument.dll
0x00007ffbbf670000 - 0x00007ffbbf695000 	c:\Users\lucca\.vscode\extensions\redhat.java-1.21.0-win32-x64\jre\17.0.7-win32-x86_64\bin\java.dll
0x00007ffbc6190000 - 0x00007ffbc61a8000 	c:\Users\lucca\.vscode\extensions\redhat.java-1.21.0-win32-x64\jre\17.0.7-win32-x86_64\bin\zip.dll
0x00007ffc0e430000 - 0x00007ffc0ec46000 	C:\WINDOWS\System32\SHELL32.dll
0x00007ffc0a310000 - 0x00007ffc0abfa000 	C:\WINDOWS\SYSTEM32\windows.storage.dll
0x00007ffc0a1d0000 - 0x00007ffc0a30e000 	C:\WINDOWS\SYSTEM32\wintypes.dll
0x00007ffc0e280000 - 0x00007ffc0e373000 	C:\WINDOWS\System32\SHCORE.dll
0x00007ffc0d350000 - 0x00007ffc0d3ae000 	C:\WINDOWS\System32\shlwapi.dll
0x00007ffc0c2c0000 - 0x00007ffc0c2e6000 	C:\WINDOWS\SYSTEM32\profapi.dll
0x00007ffbc6ab0000 - 0x00007ffbc6ac9000 	C:\Users\lucca\.vscode\extensions\redhat.java-1.21.0-win32-x64\jre\17.0.7-win32-x86_64\bin\net.dll
0x00007ffc05fe0000 - 0x00007ffc06117000 	C:\WINDOWS\SYSTEM32\WINHTTP.dll
0x00007ffc0b940000 - 0x00007ffc0b9a9000 	C:\WINDOWS\system32\mswsock.dll
0x00007ffbc6a90000 - 0x00007ffbc6aa5000 	C:\Users\lucca\.vscode\extensions\redhat.java-1.21.0-win32-x64\jre\17.0.7-win32-x86_64\bin\nio.dll
0x00007ffbd8410000 - 0x00007ffbd8420000 	c:\Users\lucca\.vscode\extensions\redhat.java-1.21.0-win32-x64\jre\17.0.7-win32-x86_64\bin\verify.dll
0x00007ffbdd860000 - 0x00007ffbdd89e000 	C:\Users\lucca\AppData\Roaming\Code\User\globalStorage\redhat.java\1.21.0\config_win\org.eclipse.equinox.launcher\org.eclipse.equinox.launcher.win32.win32.x86_64_1.2.700.v20221108-1024\eclipse_11801.dll
0x00007ffc0ec60000 - 0x00007ffc0edfc000 	C:\WINDOWS\System32\ole32.dll
0x00007ffc0bb90000 - 0x00007ffc0bbab000 	C:\WINDOWS\SYSTEM32\CRYPTSP.dll
0x00007ffc0b390000 - 0x00007ffc0b3c5000 	C:\WINDOWS\system32\rsaenh.dll
0x00007ffc0ba30000 - 0x00007ffc0ba5c000 	C:\WINDOWS\SYSTEM32\USERENV.dll
0x00007ffc0bd50000 - 0x00007ffc0bd78000 	C:\WINDOWS\SYSTEM32\bcrypt.dll
0x00007ffc0bbb0000 - 0x00007ffc0bbbc000 	C:\WINDOWS\SYSTEM32\CRYPTBASE.dll
0x00007ffc0ae50000 - 0x00007ffc0ae7d000 	C:\WINDOWS\SYSTEM32\IPHLPAPI.DLL
0x00007ffc0e140000 - 0x00007ffc0e149000 	C:\WINDOWS\System32\NSI.dll
0x00007ffc01b50000 - 0x00007ffc01b69000 	C:\WINDOWS\SYSTEM32\dhcpcsvc6.DLL
0x00007ffc01ae0000 - 0x00007ffc01aff000 	C:\WINDOWS\SYSTEM32\dhcpcsvc.DLL
0x00007ffc0ae80000 - 0x00007ffc0af73000 	C:\WINDOWS\SYSTEM32\DNSAPI.dll
0x00007ffbdd720000 - 0x00007ffbdd765000 	C:\Users\lucca\AppData\Local\Temp\jna--2008052293\jna2913852927738981853.dll
0x00007ffc0e420000 - 0x00007ffc0e428000 	C:\WINDOWS\System32\PSAPI.DLL
0x00007ffbfdc20000 - 0x00007ffbfdc2e000 	C:\Users\lucca\.vscode\extensions\redhat.java-1.21.0-win32-x64\jre\17.0.7-win32-x86_64\bin\sunmscapi.dll
0x00007ffc0cc00000 - 0x00007ffc0cd67000 	C:\WINDOWS\System32\CRYPT32.dll
0x00007ffc0bd20000 - 0x00007ffc0bd4e000 	C:\WINDOWS\SYSTEM32\ncrypt.dll
0x00007ffc0bce0000 - 0x00007ffc0bd17000 	C:\WINDOWS\SYSTEM32\NTASN1.dll
0x00007ffbfdf30000 - 0x00007ffbfdf3a000 	C:\Windows\System32\rasadhlp.dll
0x00007ffbfb150000 - 0x00007ffbfb1d4000 	C:\WINDOWS\System32\fwpuclnt.dll
0x00007ffbe13e0000 - 0x00007ffbe1407000 	C:\Users\lucca\.gradle\native\68d5fa5c4cc2d200863cafc0d521ce42e7d3e7ee720ec0a83991735586a16f82\windows-amd64\native-platform.dll
0x00007ffc06f80000 - 0x00007ffc06f89000 	C:\Users\lucca\.vscode\extensions\redhat.java-1.21.0-win32-x64\jre\17.0.7-win32-x86_64\bin\management.dll
0x00007ffc06eb0000 - 0x00007ffc06ebb000 	C:\Users\lucca\.vscode\extensions\redhat.java-1.21.0-win32-x64\jre\17.0.7-win32-x86_64\bin\management_ext.dll
0x00007ffbdc4a0000 - 0x00007ffbdc4a8000 	C:\WINDOWS\system32\wshunix.dll

dbghelp: loaded successfully - version: 4.0.5 - missing functions: none
symbol engine: initialized successfully - sym options: 0x614 - pdb path: .;c:\Users\lucca\.vscode\extensions\redhat.java-1.21.0-win32-x64\jre\17.0.7-win32-x86_64\bin;C:\WINDOWS\SYSTEM32;C:\WINDOWS\WinSxS\amd64_microsoft.windows.common-controls_6595b64144ccf1df_6.0.22621.2070_none_2713e6537381f706;c:\Users\lucca\.vscode\extensions\redhat.java-1.21.0-win32-x64\jre\17.0.7-win32-x86_64\bin\server;C:\Users\lucca\AppData\Roaming\Code\User\globalStorage\redhat.java\1.21.0\config_win\org.eclipse.equinox.launcher\org.eclipse.equinox.launcher.win32.win32.x86_64_1.2.700.v20221108-1024;C:\Users\lucca\AppData\Local\Temp\jna--2008052293;C:\Users\lucca\.gradle\native\68d5fa5c4cc2d200863cafc0d521ce42e7d3e7ee720ec0a83991735586a16f82\windows-amd64

VM Arguments:
jvm_args: --add-modules=ALL-SYSTEM --add-opens=java.base/java.util=ALL-UNNAMED --add-opens=java.base/java.lang=ALL-UNNAMED --add-opens=java.base/sun.nio.fs=ALL-UNNAMED -Declipse.application=org.eclipse.jdt.ls.core.id1 -Dosgi.bundles.defaultStartLevel=4 -Declipse.product=org.eclipse.jdt.ls.core.product -Djava.import.generatesMetadataFilesAtProjectRoot=false -Dfile.encoding=utf8 -XX:+UseParallelGC -XX:GCTimeRatio=4 -XX:AdaptiveSizePolicyWeight=90 -Dsun.zip.disableMemoryMapping=true -Xmx1G -Xms100m -Xlog:disable -javaagent:c:\Users\lucca\.vscode\extensions\redhat.java-1.21.0-win32-x64\lombok\lombok-1.18.28.jar -XX:+HeapDumpOnOutOfMemoryError -XX:HeapDumpPath=c:\Users\lucca\AppData\Roaming\Code\User\workspaceStorage\d5f98a7ed63457e4cc8df1f4274a6910\redhat.java -Daether.dependencyCollector.impl=bf 
java_command: c:\Users\lucca\.vscode\extensions\redhat.java-1.21.0-win32-x64\server\plugins\org.eclipse.equinox.launcher_1.6.500.v20230717-2134.jar -configuration c:\Users\lucca\AppData\Roaming\Code\User\globalStorage\redhat.java\1.21.0\config_win -data c:\Users\lucca\AppData\Roaming\Code\User\workspaceStorage\d5f98a7ed63457e4cc8df1f4274a6910\redhat.java\jdt_ws
java_class_path (initial): c:\Users\lucca\.vscode\extensions\redhat.java-1.21.0-win32-x64\server\plugins\org.eclipse.equinox.launcher_1.6.500.v20230717-2134.jar
Launcher Type: SUN_STANDARD

[Global flags]
    uintx AdaptiveSizePolicyWeight                 = 90                                        {product} {command line}
     intx CICompilerCount                          = 4                                         {product} {ergonomic}
    uintx GCTimeRatio                              = 4                                         {product} {command line}
     bool HeapDumpOnOutOfMemoryError               = true                                   {manageable} {command line}
    ccstr HeapDumpPath                             = c:\Users\lucca\AppData\Roaming\Code\User\workspaceStorage\d5f98a7ed63457e4cc8df1f4274a6910\redhat.java         {manageable} {command line}
   size_t InitialHeapSize                          = 104857600                                 {product} {command line}
   size_t MaxHeapSize                              = 1073741824                                {product} {command line}
   size_t MaxNewSize                               = 357564416                                 {product} {ergonomic}
   size_t MinHeapDeltaBytes                        = 524288                                    {product} {ergonomic}
   size_t MinHeapSize                              = 104857600                                 {product} {command line}
   size_t NewSize                                  = 34603008                                  {product} {ergonomic}
    uintx NonNMethodCodeHeapSize                   = 5839372                                {pd product} {ergonomic}
    uintx NonProfiledCodeHeapSize                  = 122909434                              {pd product} {ergonomic}
   size_t OldSize                                  = 70254592                                  {product} {ergonomic}
    uintx ProfiledCodeHeapSize                     = 122909434                              {pd product} {ergonomic}
    uintx ReservedCodeCacheSize                    = 251658240                              {pd product} {ergonomic}
     bool SegmentedCodeCache                       = true                                      {product} {ergonomic}
   size_t SoftMaxHeapSize                          = 1073741824                             {manageable} {ergonomic}
     bool UseCompressedClassPointers               = true                           {product lp64_product} {ergonomic}
     bool UseCompressedOops                        = true                           {product lp64_product} {ergonomic}
     bool UseLargePagesIndividualAllocation        = false                                  {pd product} {ergonomic}
     bool UseParallelGC                            = true                                      {product} {command line}

Logging:
Log output configuration:
 #0: stdout all=off uptime,level,tags
 #1: stderr all=off uptime,level,tags

Environment Variables:
JAVA_HOME=C:\Program Files\Microsoft\jdk-11.0.20.8-hotspot\
PATH=C:\Program Files\Microsoft\jdk-11.0.20.8-hotspot\bin;C:\Program Files\Common Files\Oracle\Java\javapath;C:\Program Files\Microsoft MPI\Bin\;C:\WINDOWS\system32;C:\WINDOWS;C:\WINDOWS\System32\Wbem;C:\WINDOWS\System32\WindowsPowerShell\v1.0\;C:\WINDOWS\System32\OpenSSH\;C:\Program Files (x86)\Microsoft SQL Server\150\Tools\Binn\;C:\Program Files\Microsoft SQL Server\150\Tools\Binn\;C:\Program Files (x86)\Microsoft SQL Server\150\DTS\Binn\;C:\Program Files\Microsoft SQL Server\150\DTS\Binn\;C:\Program Files\Microsoft SQL Server\Client SDK\ODBC\170\Tools\Binn\;C:\ProgramData\chocolatey\bin;C:\Program Files\Git\cmd;C:\Program Files\nodejs\;C:\Program Files\MySQL\MySQL Shell 8.0\bin\;C:\Users\lucca\AppData\Local\Programs\Python\Python310\Scripts\;C:\Users\lucca\AppData\Local\Programs\Python\Python310\;C:\Users\lucca\AppData\Local\Microsoft\WindowsApps;C:\Program Files\JetBrains\PyCharm Community Edition 2021.3.1\bin;;C:\Users\lucca\AppData\Local\GitHubDesktop\bin;C:\Program Files\Azure Data Studio\bin;C:\Users\lucca\AppData\Local\Programs\Microsoft VS Code\bin;C:\Users\lucca\AppData\Roaming\npm;C:\Users\lucca\AppData\Local\Android\Sdk\platform-tools;
USERNAME=Luccas
OS=Windows_NT
PROCESSOR_IDENTIFIER=Intel64 Family 6 Model 140 Stepping 1, GenuineIntel
TMP=C:\Users\lucca\AppData\Local\Temp
TEMP=C:\Users\lucca\AppData\Local\Temp



---------------  S Y S T E M  ---------------

OS:
 Windows 11 , 64 bit Build 22621 (10.0.22621.2070)
OS uptime: 3 days 19:11 hours
Hyper-V role detected

CPU: total 8 (initial active 8) (4 cores per cpu, 2 threads per core) family 6 model 140 stepping 1 microcode 0x8a, cx8, cmov, fxsr, ht, mmx, 3dnowpref, sse, sse2, sse3, ssse3, sse4.1, sse4.2, popcnt, lzcnt, tsc, tscinvbit, avx, avx2, aes, erms, clmul, bmi1, bmi2, adx, avx512f, avx512dq, avx512cd, avx512bw, avx512vl, sha, fma, vzeroupper, avx512_vpopcntdq, avx512_vpclmulqdq, avx512_vaes, avx512_vnni, clflush, clflushopt, clwb, avx512_vbmi2, avx512_vbmi, hv

Memory: 4k page, system-wide physical 7915M (103M free)
TotalPageFile size 32491M (AvailPageFile size 9M)
current process WorkingSet (physical memory assigned to process): 166M, peak: 178M
current process commit charge ("private bytes"): 316M, peak: 319M

vm_info: OpenJDK 64-Bit Server VM (17.0.7+7) for windows-amd64 JRE (17.0.7+7), built on Apr 18 2023 22:10:42 by "temurin" with MS VC++ 16.7 (VS2019)

END.
